<?xml version="1.0" encoding="UTF-8"?>
<!-- Generated by org.testng.reporters.JUnitReportReporter -->
<testsuite skipped="0" hostname="v-rissin" name="com.guru99.testcases.Login_validation_framework" tests="4" failures="0" timestamp="01 Oct 2019 08:36:24 GMT" time="18.733" errors="0">
  <testcase name="Login" time="6.642" classname="com.guru99.testcases.Login_validation_framework"/>
  <testcase name="Login1" time="2.861" classname="com.guru99.testcases.Login_validation_framework"/>
  <testcase name="Login3" time="3.474" classname="com.guru99.testcases.Login_validation_framework"/>
  <testcase name="Login4" time="5.756" classname="com.guru99.testcases.Login_validation_framework"/>
</testsuite> <!-- com.guru99.testcases.Login_validation_framework -->
